<?xml version="1.0" encoding="UTF-8"?>
<!-- Generated by org.testng.reporters.JUnitXMLReporter -->
<testsuite hostname="Anands-iMac.local" ignored="0" name="LocalTest" tests="1" failures="0" timestamp="07 Nov 2019 02:26:39 GMT" time="119.71" errors="0">
  <testcase name="@BeforeMethod setUp" time="119.694" classname="parallelwebtestingbrowserstack.BrowserStackTestNGTest">
    <failure type="java.lang.NoClassDefFoundError" message="org/json/JSONObject">
      <![CDATA[java.lang.NoClassDefFoundError: org/json/JSONObject
at com.browserstack.local.Local.start(Local.java:78)
at parallelwebtestingbrowserstack.BrowserStackTestNGTest.setUp(BrowserStackTestNGTest.java:71)
Caused by: java.lang.ClassNotFoundException: org.json.JSONObject
at java.net.URLClassLoader.findClass(URLClassLoader.java:381)
at java.lang.ClassLoader.loadClass(ClassLoader.java:424)
at sun.misc.Launcher$AppClassLoader.loadClass(Launcher.java:335)
at java.lang.ClassLoader.loadClass(ClassLoader.java:357)
... 30 more
... Removed 28 stack frames]]>
    </failure>
  </testcase> <!-- @BeforeMethod setUp -->
  <testcase name="@AfterMethod tearDown" time="0.0" classname="parallelwebtestingbrowserstack.BrowserStackTestNGTest">
    <failure type="java.lang.NullPointerException">
      <![CDATA[java.lang.NullPointerException
at parallelwebtestingbrowserstack.BrowserStackTestNGTest.tearDown(BrowserStackTestNGTest.java:80)
... Removed 28 stack frames]]>
    </failure>
  </testcase> <!-- @AfterMethod tearDown -->
  <testcase name="test" time="0.0" classname="parallelwebtestingbrowserstack.LocalTest">
    <skipped/>
  </testcase> <!-- test -->
</testsuite> <!-- LocalTest -->
