<?xml version="1.0" encoding="UTF-8"?>
<!-- Generated by org.testng.reporters.JUnitXMLReporter -->
<testsuite hostname="Anands-iMac.local" ignored="0" name="iPhone Xs" tests="1" failures="0" timestamp="31 Oct 2019 04:17:06 GMT" time="21.455" errors="0">
  <testcase name="@BeforeClass startTest" time="0.02" classname="ioslocalparalleltesting.IOSApp">
    <failure type="java.lang.NullPointerException">
      <![CDATA[java.lang.NullPointerException
at java.util.TreeMap.rotateLeft(TreeMap.java:2224)
at java.util.TreeMap.fixAfterInsertion(TreeMap.java:2291)
at java.util.TreeMap.put(TreeMap.java:582)
at org.openqa.selenium.AbstractCapabilities.setCapability(AbstractCapabilities.java:98)
at org.openqa.selenium.MutableCapabilities.setCapability(MutableCapabilities.java:100)
at org.openqa.selenium.MutableCapabilities.setCapability(MutableCapabilities.java:83)
at ioslocalparalleltesting.IOSApp.startTest(IOSApp.java:37)
at java.util.concurrent.FutureTask.run(FutureTask.java:266)
at java.util.concurrent.ThreadPoolExecutor.runWorker(ThreadPoolExecutor.java:1149)
at java.util.concurrent.ThreadPoolExecutor$Worker.run(ThreadPoolExecutor.java:624)
at java.lang.Thread.run(Thread.java:748)
... Removed 17 stack frames]]>
    </failure>
  </testcase> <!-- @BeforeClass startTest -->
  <testcase name="@AfterClass qui" time="0.0" classname="ioslocalparalleltesting.IOSApp">
    <skipped/>
  </testcase> <!-- @AfterClass qui -->
  <testcase name="testiOSApp" time="9.395" classname="ioslocalparalleltesting.IOSApp"/>
</testsuite> <!-- iPhone Xs -->
