<?xml version="1.0" encoding="UTF-8"?>
<!-- Generated by org.testng.reporters.JUnitXMLReporter -->
<testsuite hostname="Anands-iMac.local" ignored="0" name="Test" tests="4" failures="0" timestamp="07 Nov 2019 01:29:15 GMT" time="19.212" errors="0">
  <testcase name="testOnChromeWithBrowserStackSignUp" time="9.661" classname="parallelwebtestingbrowserstack.ParallelTestWithMultiThread"/>
  <testcase name="testOnChromeWithBrowserStackSignUp2" time="9.751" classname="parallelwebtestingbrowserstack.ParallelTestWithMultiThread"/>
  <testcase name="testOnChromeWithBrowserStackUrl2" time="9.24" classname="parallelwebtestingbrowserstack.ParallelTestWithMultiThread"/>
  <testcase name="testOnChromeWithBrowserStackUrl" time="9.437" classname="parallelwebtestingbrowserstack.ParallelTestWithMultiThread"/>
</testsuite> <!-- Test -->
