<?xml version="1.0" encoding="UTF-8"?>
<testng-results skipped="0" failed="0" ignored="0" total="1" passed="1">
  <reporter-output>
  </reporter-output>
  <suite name="Default suite" duration-ms="109330" started-at="2019-11-11T12:29:39Z" finished-at="2019-11-11T12:31:28Z">
    <groups>
    </groups>
    <test name="Default test" duration-ms="109330" started-at="2019-11-11T12:29:39Z" finished-at="2019-11-11T12:31:28Z">
      <class name="perfectorsingletest.AndroidApp">
        <test-method status="PASS" signature="androidTest()[pri:0, instance:perfectorsingletest.AndroidApp@27c20538]" name="androidTest" duration-ms="109313" started-at="2019-11-11T12:29:39Z" finished-at="2019-11-11T12:31:28Z">
          <reporter-output>
          </reporter-output>
        </test-method> <!-- androidTest -->
      </class> <!-- perfectorsingletest.AndroidApp -->
    </test> <!-- Default test -->
  </suite> <!-- Default suite -->
</testng-results>
